================================================================
== Design Size Report
================================================================

* Total Instructions per Compilation Phase
+---------------+-----------------------------+--------------+----------------------------------------------------------------------------------------+
| Phase         | Step                        | Instructions | Description                                                                            |
+---------------+-----------------------------+--------------+----------------------------------------------------------------------------------------+
| Compile/Link  |                             |   670        | After all functions are compiled and linked into a single design                       |
|               |                             |              |                                                                                        |
| Unroll/Inline |                             |              | After user unroll and inline pragmas are applied                                       |
|               | (1) unroll                  |   279        | user unroll pragmas are applied                                                        |
|               | (2) simplification          |   235        | simplification of applied user unroll pragmas                                          |
|               | (3) inline                  |   200        | user inline pragmas are applied                                                        |
|               | (4) simplification          |   196        | simplification of applied user inline pragmas                                          |
|               |                             |              |                                                                                        |
| Array/Struct  |                             |              | After user array partition and struct aggregate/disaggregate pragmas are applied       |
|               | (1) array partition         |   196        | user array partition pragmas are applied                                               |
|               | (2) simplification          |   196        | simplification of applied user array partition & struct aggregate/disaggregate pragmas |
|               | (3) aggregate/disaggregate  |   196        | user struct aggregate/disaggregate pragmas are applied                                 |
|               | (4) array reshape           |   196        | apply array reshape pragmas                                                            |
|               | (5) access patterns         |   240        | array access pattern optmizations                                                      |
|               |                             |              |                                                                                        |
| Performance   |                             |              | After transformations are applied to meet performance pragma targets                   |
|               | (1) loop simplification     |   242        | loop and instruction simplification                                                    |
|               | (2) parallelization         |   608        | loops are unrolled or pipelined to meet performance targets                            |
|               | (3) array partition         | 4,794        | arrays are partitioned to meet performance targets                                     |
|               | (4) simplification          |   697        | simplification of design after performance transformations                             |
|               |                             |              |                                                                                        |
| HW Transforms |                             |              | After hardware transfomations                                                          |
|               | (1) lowering                |   675        | initial conversion to HW specific instructions                                         |
|               | (2) optimizations           |   705        | high level synthesis optimizations                                                     |
+---------------+-----------------------------+--------------+----------------------------------------------------------------------------------------+

* Instructions per Function for each Compilation Phase
+----------------------+---------------------+--------------+---------------+--------------+-------------+---------------+
| Function             | Location            | Compile/Link | Unroll/Inline | Array/Struct | Performance | HW Transforms |
+----------------------+---------------------+--------------+---------------+--------------+-------------+---------------+
| + MLP                | top_function.cpp:71 | 670          | 196           | 240          | 697         | 705           |
|  + layer_hidden1     | top_function.cpp:32 |  47          |               |              |             |               |
|     sigmoid_function | top_function.cpp:15 |   9          |               |              |             |               |
|  + layer_hidden2     | top_function.cpp:45 |  47          |               |              |             |               |
|     sigmoid_function | top_function.cpp:15 |   9          |               |              |             |               |
|  + layer_output      | top_function.cpp:58 |  47          |               |              |             |               |
|     sigmoid_function | top_function.cpp:15 |   9          |               |              |             |               |
|    get_most_probable | top_function.cpp:20 |  21          |               |              |             |               |
+----------------------+---------------------+--------------+---------------+--------------+-------------+---------------+

* Design Size Message Settings
+---------------------------------------------+--------+------------------------------------------------------------------+
| Message Setting                             | Value  | Description                                                      |
+---------------------------------------------+--------+------------------------------------------------------------------+
| config_compile -design_size_maximum_warning | 100000 | Show a warning when total design instructions exceeds this value |
+---------------------------------------------+--------+------------------------------------------------------------------+


