Copyright 1986-2022 Xilinx, Inc. All Rights Reserved. Copyright 2022-2024 Advanced Micro Devices, Inc. All Rights Reserved.
----------------------------------------------------------------------------------------------------------------------------------------------------------------------------------------------
| Tool Version     : Vivado v.2024.1 (lin64) Build 5076996 Wed May 22 18:36:09 MDT 2024
| Date             : Wed Jan 22 19:36:48 2025
| Host             : pxdrom-VirtualBox running 64-bit Ubuntu 24.04.1 LTS
| Command          : report_power -file mlp_accel_design_wrapper_power_routed.rpt -pb mlp_accel_design_wrapper_power_summary_routed.pb -rpx mlp_accel_design_wrapper_power_routed.rpx
| Design           : mlp_accel_design_wrapper
| Device           : xczu3eg-sbva484-1-i
| Design State     : routed
| Grade            : industrial
| Process          : typical
| Characterization : Production
----------------------------------------------------------------------------------------------------------------------------------------------------------------------------------------------

Power Report

Table of Contents
-----------------
1. Summary
1.1 On-Chip Components
1.2 Power Supply Summary
1.3 Confidence Level
2. Settings
2.1 Environment
2.2 Clock Constraints
3. Detailed Reports
3.1 By Hierarchy

1. Summary
----------

+--------------------------+--------------+
| Total On-Chip Power (W)  | 2.549        |
| Design Power Budget (W)  | Unspecified* |
| Power Budget Margin (W)  | NA           |
| Dynamic (W)              | 2.226        |
| Device Static (W)        | 0.324        |
| Effective TJA (C/W)      | 2.7          |
| Max Ambient (C)          | 93.0         |
| Junction Temperature (C) | 32.0         |
| Confidence Level         | Medium       |
| Setting File             | ---          |
| Simulation Activity File | ---          |
| Design Nets Matched      | NA           |
+--------------------------+--------------+
* Specify Design Power Budget using, set_operating_conditions -design_power_budget <value in Watts>


1.1 On-Chip Components
----------------------

+--------------------------+-----------+----------+-----------+-----------------+
| On-Chip                  | Power (W) | Used     | Available | Utilization (%) |
+--------------------------+-----------+----------+-----------+-----------------+
| Clocks                   |     0.102 |        3 |       --- |             --- |
| CLB Logic                |     0.190 |    80429 |       --- |             --- |
|   LUT as Logic           |     0.162 |    26101 |     70560 |           36.99 |
|   Register               |     0.016 |    34298 |    141120 |           24.30 |
|   CARRY8                 |     0.007 |     1343 |      8820 |           15.23 |
|   LUT as Shift Register  |     0.005 |      752 |     28800 |            2.61 |
|   LUT as Distributed RAM |    <0.001 |      184 |     28800 |            0.64 |
|   Others                 |     0.000 |     8213 |       --- |             --- |
|   F7/F8 Muxes            |     0.000 |      272 |     70560 |            0.39 |
|   BUFG                   |     0.000 |        1 |        24 |            4.17 |
| Signals                  |     0.221 |    72943 |       --- |             --- |
| Block RAM                |     0.062 |      100 |       216 |           46.30 |
| DSPs                     |     0.157 |      333 |       360 |           92.50 |
| PS8                      |     1.494 |        1 |       --- |             --- |
| Static Power             |     0.324 |          |           |                 |
|   PS Static              |     0.105 |          |           |                 |
|   PL Static              |     0.218 |          |           |                 |
| Total                    |     2.549 |          |           |                 |
+--------------------------+-----------+----------+-----------+-----------------+


1.2 Power Supply Summary
------------------------

+-----------------+-------------+-----------+-------------+------------+-------------+-------------+------------+
| Source          | Voltage (V) | Total (A) | Dynamic (A) | Static (A) | Powerup (A) | Budget (A)  | Margin (A) |
+-----------------+-------------+-----------+-------------+------------+-------------+-------------+------------+
| Vccint          |       0.850 |     0.915 |       0.857 |      0.057 |       NA    | Unspecified | NA         |
| Vccint_io       |       0.850 |     0.027 |       0.000 |      0.027 |       NA    | Unspecified | NA         |
| Vccbram         |       0.850 |     0.004 |       0.004 |      0.001 |       NA    | Unspecified | NA         |
| Vccaux          |       1.800 |     0.047 |       0.000 |      0.047 |       NA    | Unspecified | NA         |
| Vccaux_io       |       1.800 |     0.025 |       0.000 |      0.025 |       NA    | Unspecified | NA         |
| Vcco33          |       3.300 |     0.000 |       0.000 |      0.000 |       NA    | Unspecified | NA         |
| Vcco25          |       2.500 |     0.000 |       0.000 |      0.000 |       NA    | Unspecified | NA         |
| Vcco18          |       1.800 |     0.000 |       0.000 |      0.000 |       NA    | Unspecified | NA         |
| Vcco15          |       1.500 |     0.000 |       0.000 |      0.000 |       NA    | Unspecified | NA         |
| Vcco135         |       1.350 |     0.000 |       0.000 |      0.000 |       NA    | Unspecified | NA         |
| Vcco12          |       1.200 |     0.000 |       0.000 |      0.000 |       NA    | Unspecified | NA         |
| Vcco10          |       1.000 |     0.000 |       0.000 |      0.000 |       NA    | Unspecified | NA         |
| Vccadc          |       1.800 |     0.008 |       0.000 |      0.008 |       NA    | Unspecified | NA         |
| VCC_PSINTFP     |       0.850 |     1.034 |       0.996 |      0.038 |       NA    | Unspecified | NA         |
| VCC_PSINTLP     |       0.850 |     0.221 |       0.214 |      0.008 |       NA    | Unspecified | NA         |
| VPS_MGTRAVCC    |       0.850 |     0.001 |       0.000 |      0.001 |       NA    | Unspecified | NA         |
| VCC_PSINTFP_DDR |       0.850 |     0.197 |       0.192 |      0.005 |       NA    | Unspecified | NA         |
| VCC_PSPLL       |       1.200 |     0.067 |       0.065 |      0.002 |       NA    | Unspecified | NA         |
| VPS_MGTRAVTT    |       1.800 |     0.001 |       0.000 |      0.001 |       NA    | Unspecified | NA         |
| VCCO_PSDDR_504  |       1.200 |     0.220 |       0.186 |      0.034 |       NA    | Unspecified | NA         |
| VCC_PSAUX       |       1.800 |     0.002 |       0.000 |      0.002 |       NA    | Unspecified | NA         |
| VCC_PSBATT      |       1.200 |     0.000 |       0.000 |      0.000 |       NA    | Unspecified | NA         |
| VCC_PSDDR_PLL   |       1.800 |     0.001 |       0.000 |      0.001 |       NA    | Unspecified | NA         |
| VCCO_PSIO0_500  |       3.300 |     0.001 |       0.000 |      0.001 |       NA    | Unspecified | NA         |
| VCCO_PSIO1_501  |       3.300 |     0.001 |       0.000 |      0.001 |       NA    | Unspecified | NA         |
| VCCO_PSIO2_502  |       3.300 |     0.001 |       0.000 |      0.001 |       NA    | Unspecified | NA         |
| VCCO_PSIO3_503  |       3.300 |     0.001 |       0.000 |      0.001 |       NA    | Unspecified | NA         |
| VCC_PSADC       |       1.800 |     0.002 |       0.000 |      0.002 |       NA    | Unspecified | NA         |
+-----------------+-------------+-----------+-------------+------------+-------------+-------------+------------+


1.3 Confidence Level
--------------------

+-----------------------------+------------+------------------------------------------------+------------------------------------------------------------------------------------------------------------+
| User Input Data             | Confidence | Details                                        | Action                                                                                                     |
+-----------------------------+------------+------------------------------------------------+------------------------------------------------------------------------------------------------------------+
| Design implementation state | High       | Design is routed                               |                                                                                                            |
| Clock nodes activity        | High       | User specified more than 95% of clocks         |                                                                                                            |
| I/O nodes activity          | High       | User specified more than 95% of inputs         |                                                                                                            |
| Internal nodes activity     | Medium     | User specified less than 25% of internal nodes | Provide missing internal nodes activity with simulation results or by editing the "By Resource Type" views |
| Device models               | High       | Device models are Production                   |                                                                                                            |
|                             |            |                                                |                                                                                                            |
| Overall confidence level    | Medium     |                                                |                                                                                                            |
+-----------------------------+------------+------------------------------------------------+------------------------------------------------------------------------------------------------------------+


2. Settings
-----------

2.1 Environment
---------------

+-----------------------+--------------------------+
| Ambient Temp (C)      | 25.0                     |
| ThetaJA (C/W)         | 2.7                      |
| Airflow (LFM)         | 250                      |
| Heat Sink             | medium (Medium Profile)  |
| ThetaSA (C/W)         | 8.8                      |
| Board Selection       | medium (10"x10")         |
| # of Board Layers     | 12to15 (12 to 15 Layers) |
| Board Temperature (C) | 25.0                     |
+-----------------------+--------------------------+


2.2 Clock Constraints
---------------------

+----------+----------------------------------------------------------------+-----------------+
| Clock    | Domain                                                         | Constraint (ns) |
+----------+----------------------------------------------------------------+-----------------+
| clk_pl_0 | mlp_accel_design_i/zynq_ultra_ps_e_0/inst/pl_clk_unbuffered[0] |            10.0 |
+----------+----------------------------------------------------------------+-----------------+


3. Detailed Reports
-------------------

3.1 By Hierarchy
----------------

+--------------------------+-----------+
| Name                     | Power (W) |
+--------------------------+-----------+
| mlp_accel_design_wrapper |     2.226 |
|   mlp_accel_design_i     |     2.226 |
|     MLP_0                |     0.715 |
|       inst               |     0.715 |
|     axi_dma_0            |     0.008 |
|       U0                 |     0.008 |
|     axi_timer_0          |     0.003 |
|       U0                 |     0.003 |
|     ps8_0_axi_periph     |     0.005 |
|       s00_couplers       |     0.004 |
|     zynq_ultra_ps_e_0    |     1.494 |
|       inst               |     1.494 |
+--------------------------+-----------+


